
> Design System and Screens@0.1.0 dev
> vite --host 0.0.0.0 --port 5173


  VITE v6.3.5  ready in 365 ms

  ➜  Local:   http://localhost:5173/
  ➜  Network: http://192.168.1.34:5173/
8:35:34 PM [vite] (client) hmr update /src/index.css
8:35:38 PM [vite] (client) hmr update /src/index.css
8:36:44 PM [vite] (client) hmr update /src/index.css
8:37:06 PM [vite] (client) hmr update /src/components/PrimaryButton.tsx
8:37:14 PM [vite] (client) hmr update /src/components/PrimaryButton.tsx
8:37:19 PM [vite] (client) hmr update /src/index.css
8:37:25 PM [vite] (client) hmr update /src/components/InputField.tsx
8:37:31 PM [vite] (client) hmr update /src/index.css
8:37:35 PM [vite] (client) hmr update /src/index.css
8:37:41 PM [vite] (client) hmr update /src/components/SelectField.tsx
8:37:46 PM [vite] (client) hmr update /src/components/TextAreaField.tsx
8:37:53 PM [vite] (client) hmr update /src/components/SidebarItem.tsx
8:38:01 PM [vite] (client) hmr update /src/index.css
8:38:24 PM [vite] (client) hmr update /src/index.css
8:38:46 PM [vite] (client) hmr update /src/components/AppLayout.tsx
8:39:10 PM [vite] (client) hmr update /src/components/Login.tsx
8:39:35 PM [vite] (client) hmr update /src/index.css
8:39:42 PM [vite] (client) hmr update /src/components/StatCard.tsx
8:40:07 PM [vite] (client) hmr update /src/components/Dashboard.tsx
8:40:27 PM [vite] (client) hmr update /src/components/Dashboard.tsx
8:40:54 PM [vite] (client) hmr update /src/components/Inventario.tsx
8:41:16 PM [vite] (client) hmr update /src/components/RegistroLlanta.tsx
8:41:34 PM [vite] (client) hmr update /src/components/AsociacionLlanta.tsx
8:41:41 PM [vite] (client) hmr update /src/components/AsociacionLlanta.tsx
8:41:54 PM [vite] (client) hmr update /src/components/Reportes.tsx
8:42:19 PM [vite] (client) hmr update /src/App.tsx
8:42:51 PM [vite] (client) hmr update /src/components/InputField.tsx
8:42:56 PM [vite] (client) hmr update /src/index.css
8:43:07 PM [vite] (client) hmr update /src/components/Dashboard.tsx
8:52:15 PM [vite] (client) hmr update /src/index.css
8:52:43 PM [vite] (client) hmr update /src/components/AppLayout.tsx
8:53:02 PM [vite] (client) hmr update /src/components/Login.tsx
8:53:32 PM [vite] (client) hmr update /src/components/Dashboard.tsx
8:56:44 PM [vite] (client) hmr update /src/components/Login.tsx
8:58:31 PM [vite] (client) hmr update /src/index.css
8:59:50 PM [vite] (client) hmr update /src/components/SidebarItem.tsx
9:00:14 PM [vite] (client) hmr update /src/index.css
9:00:27 PM [vite] (client) hmr update /src/components/SidebarItem.tsx
9:01:25 PM [vite] (client) hmr update /src/components/AppLayout.tsx
9:05:51 PM [vite] (client) hmr update /src/components/SelectField.tsx
9:05:51 PM [vite] (client) hmr update /src/index.css
9:05:51 PM [vite] (client) hmr update /src/components/PrimaryButton.tsx
9:05:51 PM [vite] (client) hmr update /src/components/InputField.tsx
9:05:51 PM [vite] vite.config.ts changed, restarting server...
9:05:51 PM [vite] server restarted.
